<?xml version="1.0" encoding="UTF-8"?>
<!-- Generated by org.testng.reporters.JUnitXMLReporter -->
<testsuite ignored="0" hostname="Tushar" failures="1" tests="1" name="Test" time="7.944" errors="0" timestamp="2024-07-25T12:52:30 IST">
  <testcase classname="listeners.BooksPageCheck" name="booksPage" time="0.016">
    <failure type="java.lang.AssertionError" message="Books page not displayed expected [Demo Web Shop. Books] but found [Demo Web Shop]">
      <![CDATA[java.lang.AssertionError: Books page not displayed expected [Demo Web Shop. Books] but found [Demo Web Shop]
at listeners.BooksPageCheck.booksPage(BooksPageCheck.java:15)
at java.base/java.util.ArrayList.forEach(ArrayList.java:1596)
... Removed 30 stack frames]]>
    </failure>
  </testcase> <!-- booksPage -->
</testsuite> <!-- Test -->
